Build started 11/9/2015 11:27:49 AM.
     1>Project "C:\Users\anthony.touchet\Documents\GitHub\Poppit-and-Locket\Math\Engine Story\Your Project\Your Project.vcxproj" on node 2 (Build target(s)).
     1>C:\Program Files (x86)\MSBuild\Microsoft.Cpp\v4.0\V140\Microsoft.CppBuild.targets(392,5): warning MSB8028: The intermediate directory (x64\Debug\) contains files shared from another project (Your Project.vcxproj).  This can lead to incorrect clean and rebuild behavior.
     1>ClCompile:
         C:\Program Files (x86)\Microsoft Visual Studio 14.0\VC\bin\x86_amd64\CL.exe /c /I"C:\Users\anthony.touchet\Documents\GitHub\Poppit-and-Locket\Math\Engine Story\Your Project\\Dependencies\include\\" /I"C:\Users\anthony.touchet\Documents\GitHub\Poppit-and-Locket\Math\Engine Story\Your Project\\Dependencies\include\Graphics" /I"C:\Users\anthony.touchet\Documents\GitHub\Poppit-and-Locket\Math\Engine Story\Your Project\\Dependencies\include\OpenGL" /I"C:\Users\anthony.touchet\Documents\GitHub\Poppit-and-Locket\Math\Engine Story\Your Project\\Dependencies\include\SDL" /ZI /nologo /W3 /WX- /sdl /Od /D _MBCS /Gm /EHsc /RTC1 /MDd /GS /fp:precise /Zc:wchar_t /Zc:forScope /Zc:inline /Fo"x64\Debug\\" /Fd"x64\Debug\vc140.pdb" /Gd /TP /errorReport:prompt GameLoop.cpp
         GameLoop.cpp
     1>c:\users\anthony.touchet\documents\github\poppit-and-locket\math\engine story\your project\gameloop.cpp(41): warning C4244: 'initializing': conversion from 'clock_t' to 'float', possible loss of data
     1>c:\users\anthony.touchet\documents\github\poppit-and-locket\math\engine story\your project\dependencies\include\graphics\graphics.h(352): warning C4244: 'argument': conversion from 'const int' to 'GLfloat', possible loss of data
         c:\users\anthony.touchet\documents\github\poppit-and-locket\math\engine story\your project\gameloop.cpp(92): note: see reference to function template instantiation 'void Graphics::DrawCircle<int>(const System::Point2D<int>,const T,const T,const System::Color<T> &)' being compiled
                 with
                 [
                     T=int
                 ]
     1>c:\users\anthony.touchet\documents\github\poppit-and-locket\math\engine story\your project\dependencies\include\graphics\graphics.h(356): warning C4244: 'argument': conversion from 'double' to 'float', possible loss of data
     1>c:\users\anthony.touchet\documents\github\poppit-and-locket\math\engine story\your project\dependencies\include\graphics\graphics.h(357): warning C4244: 'argument': conversion from 'double' to 'float', possible loss of data
       Link:
         C:\Program Files (x86)\Microsoft Visual Studio 14.0\VC\bin\x86_amd64\link.exe /ERRORREPORT:PROMPT /OUT:"C:\Users\anthony.touchet\Documents\GitHub\Poppit-and-Locket\Math\Engine Story\x64\Debug\Story.exe" /INCREMENTAL /NOLOGO /LIBPATH:"C:\Users\anthony.touchet\Documents\GitHub\Poppit-and-Locket\Math\Engine Story\Your Project\\Dependencies\lib\OpenGL" /LIBPATH:"C:\Users\anthony.touchet\Documents\GitHub\Poppit-and-Locket\Math\Engine Story\Your Project\\Dependencies\lib\SDL" /LIBPATH:"C:\Users\anthony.touchet\Documents\GitHub\Poppit-and-Locket\Math\Engine Story\Your Project\\Dependencies\lib" "SDL-OpenGL Student Library.lib" MathLibrary.lib kernel32.lib user32.lib gdi32.lib winspool.lib comdlg32.lib advapi32.lib shell32.lib ole32.lib oleaut32.lib uuid.lib odbc32.lib odbccp32.lib /MANIFEST /MANIFESTUAC:"level='asInvoker' uiAccess='false'" /manifest:embed /Debug /PDB:"C:\Users\anthony.touchet\Documents\GitHub\Poppit-and-Locket\Math\Engine Story\x64\Debug\Story.pdb" /TLBID:1 /DYNAMICBASE /NXCOMPAT /IMPLIB:"C:\Users\anthony.touchet\Documents\GitHub\Poppit-and-Locket\Math\Engine Story\x64\Debug\Story.lib" /MACHINE:X64 x64\Debug\GameLoop.obj
         x64\Debug\Source.obj
     1>SDL-OpenGL Student Library.lib(Graphics.obj) : fatal error LNK1112: module machine type 'X86' conflicts with target machine type 'x64'
     1>Done Building Project "C:\Users\anthony.touchet\Documents\GitHub\Poppit-and-Locket\Math\Engine Story\Your Project\Your Project.vcxproj" (Build target(s)) -- FAILED.

Build FAILED.

Time Elapsed 00:00:00.88
