c:\users\anthony.touchet\documents\github\poppit-and-locket\math\math\mathlibrary\mathlibrary\x64\debug\mathlibrary.pdb
c:\users\anthony.touchet\documents\github\poppit-and-locket\math\math\mathlibrary\mathlibrary\x64\debug\mathlibrary.idb
c:\users\anthony.touchet\documents\github\poppit-and-locket\math\math\mathlibrary\mathlibrary\x64\debug\vc140.pdb
c:\users\anthony.touchet\documents\github\poppit-and-locket\math\math\mathlibrary\mathlibrary\x64\debug\vc140.idb
c:\users\anthony.touchet\documents\github\poppit-and-locket\math\math\mathlibrary\mathlibrary\x64\debug\source.obj
c:\users\anthony.touchet\documents\github\poppit-and-locket\math\math\mathlibrary\x64\debug\mathlibrary.lib
c:\users\anthony.touchet\documents\github\poppit-and-locket\math\math\mathlibrary\x64\debug\mathlibrary.ilk
c:\users\anthony.touchet\documents\github\poppit-and-locket\math\math\mathlibrary\x64\debug\mathlibrary.exe
c:\users\anthony.touchet\documents\github\poppit-and-locket\math\math\mathlibrary\x64\debug\mathlibrary.pdb
c:\users\anthony.touchet\documents\github\poppit-and-locket\math\math\mathlibrary\x64\debug\mathlibrary.exp
c:\users\anthony.touchet\documents\github\poppit-and-locket\math\math\mathlibrary\mathlibrary\x64\debug\mathlibrary.tlog\cl.command.1.tlog
c:\users\anthony.touchet\documents\github\poppit-and-locket\math\math\mathlibrary\mathlibrary\x64\debug\mathlibrary.tlog\cl.read.1.tlog
c:\users\anthony.touchet\documents\github\poppit-and-locket\math\math\mathlibrary\mathlibrary\x64\debug\mathlibrary.tlog\cl.write.1.tlog
c:\users\anthony.touchet\documents\github\poppit-and-locket\math\math\mathlibrary\mathlibrary\x64\debug\mathlibrary.tlog\lib-link.read.1.tlog
c:\users\anthony.touchet\documents\github\poppit-and-locket\math\math\mathlibrary\mathlibrary\x64\debug\mathlibrary.tlog\lib-link.write.1.tlog
c:\users\anthony.touchet\documents\github\poppit-and-locket\math\math\mathlibrary\mathlibrary\x64\debug\mathlibrary.tlog\lib.command.1.tlog
c:\users\anthony.touchet\documents\github\poppit-and-locket\math\math\mathlibrary\mathlibrary\x64\debug\mathlibrary.tlog\link.command.1.tlog
c:\users\anthony.touchet\documents\github\poppit-and-locket\math\math\mathlibrary\mathlibrary\x64\debug\mathlibrary.tlog\link.read.1.tlog
c:\users\anthony.touchet\documents\github\poppit-and-locket\math\math\mathlibrary\mathlibrary\x64\debug\mathlibrary.tlog\link.write.1.tlog
c:\users\anthony.touchet\documents\github\poppit-and-locket\math\math\mathlibrary\mathlibrary\x64\debug\mathlibrary.tlog\mathlibrary.write.1u.tlog
